#
# There is insufficient memory for the Java Runtime Environment to continue.
# Native memory allocation (malloc) failed to allocate 977056 bytes for Chunk::new
# Possible reasons:
#   The system is out of physical RAM or swap space
#   The process is running with CompressedOops enabled, and the Java Heap may be blocking the growth of the native heap
# Possible solutions:
#   Reduce memory load on the system
#   Increase physical memory or swap space
#   Check if swap backing store is full
#   Decrease Java heap size (-Xmx/-Xms)
#   Decrease number of Java threads
#   Decrease Java thread stack sizes (-Xss)
#   Set larger code cache with -XX:ReservedCodeCacheSize=
#   JVM is running with Unscaled Compressed Oops mode in which the Java heap is
#     placed in the first 4GB address space. The Java Heap base address is the
#     maximum limit for the native heap growth. Please use -XX:HeapBaseMinAddress
#     to set the Java Heap base and to place the Java Heap above 4GB virtual address.
# This output file may be truncated or incomplete.
#
#  Out of Memory Error (arena.cpp:189), pid=10340, tid=32092
#
# JRE version: Java(TM) SE Runtime Environment (17.0.10+11) (build 17.0.10+11-LTS-240)
# Java VM: Java HotSpot(TM) 64-Bit Server VM (17.0.10+11-LTS-240, mixed mode, sharing, tiered, compressed oops, compressed class ptrs, g1 gc, windows-amd64)
# No core dump will be written. Minidumps are not enabled by default on client versions of Windows
#

---------------  S U M M A R Y ------------

Command Line: -ea -Dfile.encoding=UTF-8 -Dstdout.encoding=UTF-8 -Dstderr.encoding=UTF-8 -XX:+ShowCodeDetailsInExceptionMessages org.testng.remote.RemoteTestNG -serport 63976 -protocol json -d C:\Users\sampa\eclipse-workspace\OpencartV121\test-output C:\Users\sampa\eclipse-workspace\OpencartV121\parallel.xml

Host: AMD Ryzen 5 5500U with Radeon Graphics         , 12 cores, 7G,  Windows 11 , 64 bit Build 22621 (10.0.22621.3374)
Time: Wed May  8 17:35:47 2024 Central Daylight Time elapsed time: 0.968492 seconds (0d 0h 0m 0s)

---------------  T H R E A D  ---------------

Current thread (0x0000019775086e20):  JavaThread "C2 CompilerThread1" daemon [_thread_in_native, id=32092, stack(0x0000004811000000,0x0000004811100000)]


Current CompileTask:
C2:    968 1363       4       jdk.internal.org.objectweb.asm.Frame::execute (2305 bytes)

Stack: [0x0000004811000000,0x0000004811100000]
Native frames: (J=compiled Java code, j=interpreted, Vv=VM code, C=native code)
V  [jvm.dll+0x677a5a]
V  [jvm.dll+0x7d8b2d]
V  [jvm.dll+0x7da48e]
V  [jvm.dll+0x7daaf3]
V  [jvm.dll+0x2455ff]
V  [jvm.dll+0xaaafb]
V  [jvm.dll+0xab09c]
V  [jvm.dll+0x2aafef]
V  [jvm.dll+0x57fd55]
V  [jvm.dll+0x220472]
V  [jvm.dll+0x22084f]
V  [jvm.dll+0x2197a6]
V  [jvm.dll+0x216c79]
V  [jvm.dll+0x1a3410]
V  [jvm.dll+0x226aeb]
V  [jvm.dll+0x224cab]
V  [jvm.dll+0x78e45c]
V  [jvm.dll+0x78888a]
V  [jvm.dll+0x676935]
C  [ucrtbase.dll+0x29333]
C  [KERNEL32.DLL+0x1257d]
C  [ntdll.dll+0x5aa48]


---------------  P R O C E S S  ---------------

Threads class SMR info:
_java_thread_list=0x0000019775cacb70, length=17, elements={
0x00000197529daa00, 0x00000197709bf740, 0x00000197709c25d0, 0x00000197709d5ac0,
0x00000197709d7490, 0x00000197709d8660, 0x00000197709e2040, 0x0000019770a06700,
0x0000019770a071b0, 0x0000019770a09dd0, 0x0000019770c79720, 0x0000019770c8b1f0,
0x0000019775086e20, 0x00000197754d2500, 0x000001977573fb50, 0x0000019775740030,
0x0000019776044820
}

Java Threads: ( => current thread )
  0x00000197529daa00 JavaThread "main" [_thread_blocked, id=40384, stack(0x000000480fd00000,0x000000480fe00000)]
  0x00000197709bf740 JavaThread "Reference Handler" daemon [_thread_blocked, id=32900, stack(0x0000004810400000,0x0000004810500000)]
  0x00000197709c25d0 JavaThread "Finalizer" daemon [_thread_blocked, id=14396, stack(0x0000004810500000,0x0000004810600000)]
  0x00000197709d5ac0 JavaThread "Signal Dispatcher" daemon [_thread_blocked, id=29064, stack(0x0000004810600000,0x0000004810700000)]
  0x00000197709d7490 JavaThread "Attach Listener" daemon [_thread_blocked, id=37496, stack(0x0000004810700000,0x0000004810800000)]
  0x00000197709d8660 JavaThread "Service Thread" daemon [_thread_blocked, id=42836, stack(0x0000004810800000,0x0000004810900000)]
  0x00000197709e2040 JavaThread "Monitor Deflation Thread" daemon [_thread_blocked, id=37472, stack(0x0000004810900000,0x0000004810a00000)]
  0x0000019770a06700 JavaThread "C2 CompilerThread0" daemon [_thread_in_native, id=18944, stack(0x0000004810a00000,0x0000004810b00000)]
  0x0000019770a071b0 JavaThread "C1 CompilerThread0" daemon [_thread_blocked, id=40732, stack(0x0000004810b00000,0x0000004810c00000)]
  0x0000019770a09dd0 JavaThread "Sweeper thread" daemon [_thread_blocked, id=23620, stack(0x0000004810c00000,0x0000004810d00000)]
  0x0000019770c79720 JavaThread "Notification Thread" daemon [_thread_blocked, id=11124, stack(0x0000004810d00000,0x0000004810e00000)]
  0x0000019770c8b1f0 JavaThread "Common-Cleaner" daemon [_thread_blocked, id=22684, stack(0x0000004810f00000,0x0000004811000000)]
=>0x0000019775086e20 JavaThread "C2 CompilerThread1" daemon [_thread_in_native, id=32092, stack(0x0000004811000000,0x0000004811100000)]
  0x00000197754d2500 JavaThread "ReaderThread" [_thread_in_native, id=39796, stack(0x0000004811200000,0x0000004811300000)]
  0x000001977573fb50 JavaThread "TestNG-tests-1" [_thread_in_vm, id=11944, stack(0x0000004811300000,0x0000004811400000)]
  0x0000019775740030 JavaThread "TestNG-tests-2" [_thread_in_vm, id=2336, stack(0x0000004811400000,0x0000004811500000)]
  0x0000019776044820 JavaThread "C2 CompilerThread2" daemon [_thread_blocked, id=39408, stack(0x0000004811c00000,0x0000004811d00000)]

Other Threads:
  0x00000197709bcb20 VMThread "VM Thread" [stack: 0x0000004810300000,0x0000004810400000] [id=40900]
  0x0000019752a4db20 WatcherThread [stack: 0x0000004810e00000,0x0000004810f00000] [id=24276]
  0x0000019752a32720 GCTaskThread "GC Thread#0" [stack: 0x000000480fe00000,0x000000480ff00000] [id=24384]
  0x0000019775b54150 GCTaskThread "GC Thread#1" [stack: 0x0000004811500000,0x0000004811600000] [id=14928]
  0x000001977578ea30 GCTaskThread "GC Thread#2" [stack: 0x0000004811600000,0x0000004811700000] [id=32952]
  0x000001977578ecf0 GCTaskThread "GC Thread#3" [stack: 0x0000004811700000,0x0000004811800000] [id=5832]
  0x000001977578f3b0 GCTaskThread "GC Thread#4" [stack: 0x0000004811800000,0x0000004811900000] [id=15628]
  0x00000197757a4810 GCTaskThread "GC Thread#5" [stack: 0x0000004811900000,0x0000004811a00000] [id=31260]
  0x00000197757a4ad0 GCTaskThread "GC Thread#6" [stack: 0x0000004811a00000,0x0000004811b00000] [id=11044]
  0x00000197757a4d90 GCTaskThread "GC Thread#7" [stack: 0x0000004811b00000,0x0000004811c00000] [id=13336]
  0x0000019752a42910 ConcurrentGCThread "G1 Main Marker" [stack: 0x000000480ff00000,0x0000004810000000] [id=30140]
  0x0000019752a43930 ConcurrentGCThread "G1 Conc#0" [stack: 0x0000004810000000,0x0000004810100000] [id=42152]
  0x000001977087a0f0 ConcurrentGCThread "G1 Refine#0" [stack: 0x0000004810100000,0x0000004810200000] [id=21744]
  0x000001977087ab20 ConcurrentGCThread "G1 Service" [stack: 0x0000004810200000,0x0000004810300000] [id=29380]

Threads with active compile tasks:
C2 CompilerThread0      988 1578   !   4       java.net.URL::<init> (543 bytes)
C2 CompilerThread1      988 1363       4       jdk.internal.org.objectweb.asm.Frame::execute (2305 bytes)

VM state: not at safepoint (normal execution)

VM Mutex/Monitor currently owned by a thread: None

Heap address: 0x000000008a800000, size: 1880 MB, Compressed Oops mode: 32-bit

CDS archive(s) mapped at: [0x0000019700000000-0x0000019700bd0000-0x0000019700bd0000), size 12386304, SharedBaseAddress: 0x0000019700000000, ArchiveRelocationMode: 1.
Compressed class space mapped at: 0x0000019701000000-0x0000019741000000, reserved size: 1073741824
Narrow klass base: 0x0000019700000000, Narrow klass shift: 0, Narrow klass range: 0x100000000

GC Precious Log:
 CPUs: 12 total, 12 available
 Memory: 7514M
 Large Page Support: Disabled
 NUMA Support: Disabled
 Compressed Oops: Enabled (32-bit)
 Heap Region Size: 1M
 Heap Min Capacity: 8M
 Heap Initial Capacity: 118M
 Heap Max Capacity: 1880M
 Pre-touch: Disabled
 Parallel Workers: 10
 Concurrent Workers: 3
 Concurrent Refinement Workers: 10
 Periodic GC: Disabled

Heap:
 garbage-first heap   total 120832K, used 22368K [0x000000008a800000, 0x0000000100000000)
  region size 1024K, 19 young (19456K), 3 survivors (3072K)
 Metaspace       used 10856K, committed 11136K, reserved 1114112K
  class space    used 1340K, committed 1472K, reserved 1048576K

Heap Regions: E=young(eden), S=young(survivor), O=old, HS=humongous(starts), HC=humongous(continues), CS=collection set, F=free, OA=open archive, CA=closed archive, TAMS=top-at-mark-start (previous, next)
|   0|0x000000008a800000, 0x000000008a900000, 0x000000008a900000|100%| O|  |TAMS 0x000000008a800000, 0x000000008a800000| Untracked 
|   1|0x000000008a900000, 0x000000008aa00000, 0x000000008aa00000|100%| O|  |TAMS 0x000000008a900000, 0x000000008a900000| Untracked 
|   2|0x000000008aa00000, 0x000000008ab00000, 0x000000008ab00000|100%| O|  |TAMS 0x000000008aa00000, 0x000000008aa00000| Untracked 
|   3|0x000000008ab00000, 0x000000008abd8000, 0x000000008ac00000| 84%| O|  |TAMS 0x000000008ab00000, 0x000000008ab00000| Untracked 
|   4|0x000000008ac00000, 0x000000008ac00000, 0x000000008ad00000|  0%| F|  |TAMS 0x000000008ac00000, 0x000000008ac00000| Untracked 
|   5|0x000000008ad00000, 0x000000008ad00000, 0x000000008ae00000|  0%| F|  |TAMS 0x000000008ad00000, 0x000000008ad00000| Untracked 
|   6|0x000000008ae00000, 0x000000008ae00000, 0x000000008af00000|  0%| F|  |TAMS 0x000000008ae00000, 0x000000008ae00000| Untracked 
|   7|0x000000008af00000, 0x000000008af00000, 0x000000008b000000|  0%| F|  |TAMS 0x000000008af00000, 0x000000008af00000| Untracked 
|   8|0x000000008b000000, 0x000000008b000000, 0x000000008b100000|  0%| F|  |TAMS 0x000000008b000000, 0x000000008b000000| Untracked 
|   9|0x000000008b100000, 0x000000008b100000, 0x000000008b200000|  0%| F|  |TAMS 0x000000008b100000, 0x000000008b100000| Untracked 
|  10|0x000000008b200000, 0x000000008b200000, 0x000000008b300000|  0%| F|  |TAMS 0x000000008b200000, 0x000000008b200000| Untracked 
|  11|0x000000008b300000, 0x000000008b300000, 0x000000008b400000|  0%| F|  |TAMS 0x000000008b300000, 0x000000008b300000| Untracked 
|  12|0x000000008b400000, 0x000000008b400000, 0x000000008b500000|  0%| F|  |TAMS 0x000000008b400000, 0x000000008b400000| Untracked 
|  13|0x000000008b500000, 0x000000008b500000, 0x000000008b600000|  0%| F|  |TAMS 0x000000008b500000, 0x000000008b500000| Untracked 
|  14|0x000000008b600000, 0x000000008b600000, 0x000000008b700000|  0%| F|  |TAMS 0x000000008b600000, 0x000000008b600000| Untracked 
|  15|0x000000008b700000, 0x000000008b700000, 0x000000008b800000|  0%| F|  |TAMS 0x000000008b700000, 0x000000008b700000| Untracked 
|  16|0x000000008b800000, 0x000000008b800000, 0x000000008b900000|  0%| F|  |TAMS 0x000000008b800000, 0x000000008b800000| Untracked 
|  17|0x000000008b900000, 0x000000008b900000, 0x000000008ba00000|  0%| F|  |TAMS 0x000000008b900000, 0x000000008b900000| Untracked 
|  18|0x000000008ba00000, 0x000000008ba00000, 0x000000008bb00000|  0%| F|  |TAMS 0x000000008ba00000, 0x000000008ba00000| Untracked 
|  19|0x000000008bb00000, 0x000000008bb00000, 0x000000008bc00000|  0%| F|  |TAMS 0x000000008bb00000, 0x000000008bb00000| Untracked 
|  20|0x000000008bc00000, 0x000000008bc00000, 0x000000008bd00000|  0%| F|  |TAMS 0x000000008bc00000, 0x000000008bc00000| Untracked 
|  21|0x000000008bd00000, 0x000000008bd00000, 0x000000008be00000|  0%| F|  |TAMS 0x000000008bd00000, 0x000000008bd00000| Untracked 
|  22|0x000000008be00000, 0x000000008be00000, 0x000000008bf00000|  0%| F|  |TAMS 0x000000008be00000, 0x000000008be00000| Untracked 
|  23|0x000000008bf00000, 0x000000008bf00000, 0x000000008c000000|  0%| F|  |TAMS 0x000000008bf00000, 0x000000008bf00000| Untracked 
|  24|0x000000008c000000, 0x000000008c000000, 0x000000008c100000|  0%| F|  |TAMS 0x000000008c000000, 0x000000008c000000| Untracked 
|  25|0x000000008c100000, 0x000000008c100000, 0x000000008c200000|  0%| F|  |TAMS 0x000000008c100000, 0x000000008c100000| Untracked 
|  26|0x000000008c200000, 0x000000008c200000, 0x000000008c300000|  0%| F|  |TAMS 0x000000008c200000, 0x000000008c200000| Untracked 
|  27|0x000000008c300000, 0x000000008c300000, 0x000000008c400000|  0%| F|  |TAMS 0x000000008c300000, 0x000000008c300000| Untracked 
|  28|0x000000008c400000, 0x000000008c400000, 0x000000008c500000|  0%| F|  |TAMS 0x000000008c400000, 0x000000008c400000| Untracked 
|  29|0x000000008c500000, 0x000000008c500000, 0x000000008c600000|  0%| F|  |TAMS 0x000000008c500000, 0x000000008c500000| Untracked 
|  30|0x000000008c600000, 0x000000008c600000, 0x000000008c700000|  0%| F|  |TAMS 0x000000008c600000, 0x000000008c600000| Untracked 
|  31|0x000000008c700000, 0x000000008c700000, 0x000000008c800000|  0%| F|  |TAMS 0x000000008c700000, 0x000000008c700000| Untracked 
|  32|0x000000008c800000, 0x000000008c800000, 0x000000008c900000|  0%| F|  |TAMS 0x000000008c800000, 0x000000008c800000| Untracked 
|  33|0x000000008c900000, 0x000000008c900000, 0x000000008ca00000|  0%| F|  |TAMS 0x000000008c900000, 0x000000008c900000| Untracked 
|  34|0x000000008ca00000, 0x000000008ca00000, 0x000000008cb00000|  0%| F|  |TAMS 0x000000008ca00000, 0x000000008ca00000| Untracked 
|  35|0x000000008cb00000, 0x000000008cb00000, 0x000000008cc00000|  0%| F|  |TAMS 0x000000008cb00000, 0x000000008cb00000| Untracked 
|  36|0x000000008cc00000, 0x000000008cc00000, 0x000000008cd00000|  0%| F|  |TAMS 0x000000008cc00000, 0x000000008cc00000| Untracked 
|  37|0x000000008cd00000, 0x000000008cd00000, 0x000000008ce00000|  0%| F|  |TAMS 0x000000008cd00000, 0x000000008cd00000| Untracked 
|  38|0x000000008ce00000, 0x000000008ce00000, 0x000000008cf00000|  0%| F|  |TAMS 0x000000008ce00000, 0x000000008ce00000| Untracked 
|  39|0x000000008cf00000, 0x000000008cf00000, 0x000000008d000000|  0%| F|  |TAMS 0x000000008cf00000, 0x000000008cf00000| Untracked 
|  40|0x000000008d000000, 0x000000008d000000, 0x000000008d100000|  0%| F|  |TAMS 0x000000008d000000, 0x000000008d000000| Untracked 
|  41|0x000000008d100000, 0x000000008d100000, 0x000000008d200000|  0%| F|  |TAMS 0x000000008d100000, 0x000000008d100000| Untracked 
|  42|0x000000008d200000, 0x000000008d200000, 0x000000008d300000|  0%| F|  |TAMS 0x000000008d200000, 0x000000008d200000| Untracked 
|  43|0x000000008d300000, 0x000000008d300000, 0x000000008d400000|  0%| F|  |TAMS 0x000000008d300000, 0x000000008d300000| Untracked 
|  44|0x000000008d400000, 0x000000008d400000, 0x000000008d500000|  0%| F|  |TAMS 0x000000008d400000, 0x000000008d400000| Untracked 
|  45|0x000000008d500000, 0x000000008d500000, 0x000000008d600000|  0%| F|  |TAMS 0x000000008d500000, 0x000000008d500000| Untracked 
|  46|0x000000008d600000, 0x000000008d600000, 0x000000008d700000|  0%| F|  |TAMS 0x000000008d600000, 0x000000008d600000| Untracked 
|  47|0x000000008d700000, 0x000000008d700000, 0x000000008d800000|  0%| F|  |TAMS 0x000000008d700000, 0x000000008d700000| Untracked 
|  48|0x000000008d800000, 0x000000008d800000, 0x000000008d900000|  0%| F|  |TAMS 0x000000008d800000, 0x000000008d800000| Untracked 
|  49|0x000000008d900000, 0x000000008d900000, 0x000000008da00000|  0%| F|  |TAMS 0x000000008d900000, 0x000000008d900000| Untracked 
|  50|0x000000008da00000, 0x000000008da00000, 0x000000008db00000|  0%| F|  |TAMS 0x000000008da00000, 0x000000008da00000| Untracked 
|  51|0x000000008db00000, 0x000000008db00000, 0x000000008dc00000|  0%| F|  |TAMS 0x000000008db00000, 0x000000008db00000| Untracked 
|  52|0x000000008dc00000, 0x000000008dc00000, 0x000000008dd00000|  0%| F|  |TAMS 0x000000008dc00000, 0x000000008dc00000| Untracked 
|  53|0x000000008dd00000, 0x000000008dd00000, 0x000000008de00000|  0%| F|  |TAMS 0x000000008dd00000, 0x000000008dd00000| Untracked 
|  54|0x000000008de00000, 0x000000008de00000, 0x000000008df00000|  0%| F|  |TAMS 0x000000008de00000, 0x000000008de00000| Untracked 
|  55|0x000000008df00000, 0x000000008df00000, 0x000000008e000000|  0%| F|  |TAMS 0x000000008df00000, 0x000000008df00000| Untracked 
|  56|0x000000008e000000, 0x000000008e000000, 0x000000008e100000|  0%| F|  |TAMS 0x000000008e000000, 0x000000008e000000| Untracked 
|  57|0x000000008e100000, 0x000000008e100000, 0x000000008e200000|  0%| F|  |TAMS 0x000000008e100000, 0x000000008e100000| Untracked 
|  58|0x000000008e200000, 0x000000008e200000, 0x000000008e300000|  0%| F|  |TAMS 0x000000008e200000, 0x000000008e200000| Untracked 
|  59|0x000000008e300000, 0x000000008e300000, 0x000000008e400000|  0%| F|  |TAMS 0x000000008e300000, 0x000000008e300000| Untracked 
|  60|0x000000008e400000, 0x000000008e400000, 0x000000008e500000|  0%| F|  |TAMS 0x000000008e400000, 0x000000008e400000| Untracked 
|  61|0x000000008e500000, 0x000000008e500000, 0x000000008e600000|  0%| F|  |TAMS 0x000000008e500000, 0x000000008e500000| Untracked 
|  62|0x000000008e600000, 0x000000008e600000, 0x000000008e700000|  0%| F|  |TAMS 0x000000008e600000, 0x000000008e600000| Untracked 
|  63|0x000000008e700000, 0x000000008e700000, 0x000000008e800000|  0%| F|  |TAMS 0x000000008e700000, 0x000000008e700000| Untracked 
|  64|0x000000008e800000, 0x000000008e800000, 0x000000008e900000|  0%| F|  |TAMS 0x000000008e800000, 0x000000008e800000| Untracked 
|  65|0x000000008e900000, 0x000000008e900000, 0x000000008ea00000|  0%| F|  |TAMS 0x000000008e900000, 0x000000008e900000| Untracked 
|  66|0x000000008ea00000, 0x000000008ea00000, 0x000000008eb00000|  0%| F|  |TAMS 0x000000008ea00000, 0x000000008ea00000| Untracked 
|  67|0x000000008eb00000, 0x000000008eb00000, 0x000000008ec00000|  0%| F|  |TAMS 0x000000008eb00000, 0x000000008eb00000| Untracked 
|  68|0x000000008ec00000, 0x000000008ec00000, 0x000000008ed00000|  0%| F|  |TAMS 0x000000008ec00000, 0x000000008ec00000| Untracked 
|  69|0x000000008ed00000, 0x000000008ed00000, 0x000000008ee00000|  0%| F|  |TAMS 0x000000008ed00000, 0x000000008ed00000| Untracked 
|  70|0x000000008ee00000, 0x000000008ee00000, 0x000000008ef00000|  0%| F|  |TAMS 0x000000008ee00000, 0x000000008ee00000| Untracked 
|  71|0x000000008ef00000, 0x000000008ef00000, 0x000000008f000000|  0%| F|  |TAMS 0x000000008ef00000, 0x000000008ef00000| Untracked 
|  72|0x000000008f000000, 0x000000008f000000, 0x000000008f100000|  0%| F|  |TAMS 0x000000008f000000, 0x000000008f000000| Untracked 
|  73|0x000000008f100000, 0x000000008f100000, 0x000000008f200000|  0%| F|  |TAMS 0x000000008f100000, 0x000000008f100000| Untracked 
|  74|0x000000008f200000, 0x000000008f200000, 0x000000008f300000|  0%| F|  |TAMS 0x000000008f200000, 0x000000008f200000| Untracked 
|  75|0x000000008f300000, 0x000000008f300000, 0x000000008f400000|  0%| F|  |TAMS 0x000000008f300000, 0x000000008f300000| Untracked 
|  76|0x000000008f400000, 0x000000008f400000, 0x000000008f500000|  0%| F|  |TAMS 0x000000008f400000, 0x000000008f400000| Untracked 
|  77|0x000000008f500000, 0x000000008f500000, 0x000000008f600000|  0%| F|  |TAMS 0x000000008f500000, 0x000000008f500000| Untracked 
|  78|0x000000008f600000, 0x000000008f600000, 0x000000008f700000|  0%| F|  |TAMS 0x000000008f600000, 0x000000008f600000| Untracked 
|  79|0x000000008f700000, 0x000000008f700000, 0x000000008f800000|  0%| F|  |TAMS 0x000000008f700000, 0x000000008f700000| Untracked 
|  80|0x000000008f800000, 0x000000008f800000, 0x000000008f900000|  0%| F|  |TAMS 0x000000008f800000, 0x000000008f800000| Untracked 
|  81|0x000000008f900000, 0x000000008f900000, 0x000000008fa00000|  0%| F|  |TAMS 0x000000008f900000, 0x000000008f900000| Untracked 
|  82|0x000000008fa00000, 0x000000008fa00000, 0x000000008fb00000|  0%| F|  |TAMS 0x000000008fa00000, 0x000000008fa00000| Untracked 
|  83|0x000000008fb00000, 0x000000008fb00000, 0x000000008fc00000|  0%| F|  |TAMS 0x000000008fb00000, 0x000000008fb00000| Untracked 
|  84|0x000000008fc00000, 0x000000008fc00000, 0x000000008fd00000|  0%| F|  |TAMS 0x000000008fc00000, 0x000000008fc00000| Untracked 
|  85|0x000000008fd00000, 0x000000008fd00000, 0x000000008fe00000|  0%| F|  |TAMS 0x000000008fd00000, 0x000000008fd00000| Untracked 
|  86|0x000000008fe00000, 0x000000008fe00000, 0x000000008ff00000|  0%| F|  |TAMS 0x000000008fe00000, 0x000000008fe00000| Untracked 
|  87|0x000000008ff00000, 0x000000008ff00000, 0x0000000090000000|  0%| F|  |TAMS 0x000000008ff00000, 0x000000008ff00000| Untracked 
|  88|0x0000000090000000, 0x0000000090000000, 0x0000000090100000|  0%| F|  |TAMS 0x0000000090000000, 0x0000000090000000| Untracked 
|  89|0x0000000090100000, 0x0000000090100000, 0x0000000090200000|  0%| F|  |TAMS 0x0000000090100000, 0x0000000090100000| Untracked 
|  90|0x0000000090200000, 0x0000000090200000, 0x0000000090300000|  0%| F|  |TAMS 0x0000000090200000, 0x0000000090200000| Untracked 
|  91|0x0000000090300000, 0x0000000090300000, 0x0000000090400000|  0%| F|  |TAMS 0x0000000090300000, 0x0000000090300000| Untracked 
|  92|0x0000000090400000, 0x0000000090500000, 0x0000000090500000|100%| S|CS|TAMS 0x0000000090400000, 0x0000000090400000| Complete 
|  93|0x0000000090500000, 0x0000000090600000, 0x0000000090600000|100%| S|CS|TAMS 0x0000000090500000, 0x0000000090500000| Complete 
|  94|0x0000000090600000, 0x0000000090700000, 0x0000000090700000|100%| S|CS|TAMS 0x0000000090600000, 0x0000000090600000| Complete 
|  95|0x0000000090700000, 0x0000000090700000, 0x0000000090800000|  0%| F|  |TAMS 0x0000000090700000, 0x0000000090700000| Untracked 
|  96|0x0000000090800000, 0x0000000090800000, 0x0000000090900000|  0%| F|  |TAMS 0x0000000090800000, 0x0000000090800000| Untracked 
|  97|0x0000000090900000, 0x0000000090900000, 0x0000000090a00000|  0%| F|  |TAMS 0x0000000090900000, 0x0000000090900000| Untracked 
|  98|0x0000000090a00000, 0x0000000090a00000, 0x0000000090b00000|  0%| F|  |TAMS 0x0000000090a00000, 0x0000000090a00000| Untracked 
|  99|0x0000000090b00000, 0x0000000090b00000, 0x0000000090c00000|  0%| F|  |TAMS 0x0000000090b00000, 0x0000000090b00000| Untracked 
| 100|0x0000000090c00000, 0x0000000090c00000, 0x0000000090d00000|  0%| F|  |TAMS 0x0000000090c00000, 0x0000000090c00000| Untracked 
| 101|0x0000000090d00000, 0x0000000090d00000, 0x0000000090e00000|  0%| F|  |TAMS 0x0000000090d00000, 0x0000000090d00000| Untracked 
| 102|0x0000000090e00000, 0x0000000090e528c0, 0x0000000090f00000| 32%| E|  |TAMS 0x0000000090e00000, 0x0000000090e00000| Complete 
| 103|0x0000000090f00000, 0x0000000091000000, 0x0000000091000000|100%| E|CS|TAMS 0x0000000090f00000, 0x0000000090f00000| Complete 
| 104|0x0000000091000000, 0x0000000091100000, 0x0000000091100000|100%| E|CS|TAMS 0x0000000091000000, 0x0000000091000000| Complete 
| 105|0x0000000091100000, 0x0000000091200000, 0x0000000091200000|100%| E|CS|TAMS 0x0000000091100000, 0x0000000091100000| Complete 
| 106|0x0000000091200000, 0x0000000091300000, 0x0000000091300000|100%| E|CS|TAMS 0x0000000091200000, 0x0000000091200000| Complete 
| 107|0x0000000091300000, 0x0000000091400000, 0x0000000091400000|100%| E|CS|TAMS 0x0000000091300000, 0x0000000091300000| Complete 
| 108|0x0000000091400000, 0x0000000091500000, 0x0000000091500000|100%| E|CS|TAMS 0x0000000091400000, 0x0000000091400000| Complete 
| 109|0x0000000091500000, 0x0000000091600000, 0x0000000091600000|100%| E|CS|TAMS 0x0000000091500000, 0x0000000091500000| Complete 
| 110|0x0000000091600000, 0x0000000091700000, 0x0000000091700000|100%| E|CS|TAMS 0x0000000091600000, 0x0000000091600000| Complete 
| 111|0x0000000091700000, 0x0000000091800000, 0x0000000091800000|100%| E|CS|TAMS 0x0000000091700000, 0x0000000091700000| Complete 
| 112|0x0000000091800000, 0x0000000091900000, 0x0000000091900000|100%| E|CS|TAMS 0x0000000091800000, 0x0000000091800000| Complete 
| 113|0x0000000091900000, 0x0000000091a00000, 0x0000000091a00000|100%| E|CS|TAMS 0x0000000091900000, 0x0000000091900000| Complete 
| 114|0x0000000091a00000, 0x0000000091b00000, 0x0000000091b00000|100%| E|CS|TAMS 0x0000000091a00000, 0x0000000091a00000| Complete 
| 115|0x0000000091b00000, 0x0000000091c00000, 0x0000000091c00000|100%| E|CS|TAMS 0x0000000091b00000, 0x0000000091b00000| Complete 
| 116|0x0000000091c00000, 0x0000000091d00000, 0x0000000091d00000|100%| E|CS|TAMS 0x0000000091c00000, 0x0000000091c00000| Complete 
| 117|0x0000000091d00000, 0x0000000091e00000, 0x0000000091e00000|100%| E|CS|TAMS 0x0000000091d00000, 0x0000000091d00000| Complete 

Card table byte_map: [0x0000019769b90000,0x0000019769f40000] _byte_map_base: 0x000001976973c000

Marking Bits (Prev, Next): (CMBitMap*) 0x0000019752a32d40, (CMBitMap*) 0x0000019752a32d80
 Prev Bits: [0x000001976a2f0000, 0x000001976c050000)
 Next Bits: [0x000001976c050000, 0x000001976ddb0000)

Polling page: 0x00000197509e0000

Metaspace:

Usage:
  Non-class:      9.35 MB used.
      Class:      1.32 MB used.
       Both:     10.67 MB used.

Virtual space:
  Non-class space:       64.00 MB reserved,       9.50 MB ( 15%) committed,  1 nodes.
      Class space:        1.00 GB reserved,       1.44 MB ( <1%) committed,  1 nodes.
             Both:        1.06 GB reserved,      10.94 MB (  1%) committed. 

Chunk freelists:
   Non-Class:  5.97 MB
       Class:  14.51 MB
        Both:  20.48 MB

MaxMetaspaceSize: unlimited
CompressedClassSpaceSize: 1.00 GB
Initial GC threshold: 21.00 MB
Current GC threshold: 21.00 MB
CDS: on
MetaspaceReclaimPolicy: balanced
 - commit_granule_bytes: 65536.
 - commit_granule_words: 8192.
 - virtual_space_node_default_size: 8388608.
 - enlarge_chunks_in_place: 1.
 - new_chunks_are_fully_committed: 0.
 - uncommit_free_chunks: 1.
 - use_allocation_guard: 0.
 - handle_deallocations: 1.


Internal statistics:

num_allocs_failed_limit: 0.
num_arena_births: 214.
num_arena_deaths: 0.
num_vsnodes_births: 2.
num_vsnodes_deaths: 0.
num_space_committed: 175.
num_space_uncommitted: 0.
num_chunks_returned_to_freelist: 0.
num_chunks_taken_from_freelist: 528.
num_chunk_merges: 0.
num_chunk_splits: 336.
num_chunks_enlarged: 231.
num_inconsistent_stats: 0.

CodeHeap 'non-profiled nmethods': size=120000Kb used=581Kb max_used=581Kb free=119418Kb
 bounds [0x0000019761d50000, 0x0000019761fc0000, 0x0000019769280000]
CodeHeap 'profiled nmethods': size=120000Kb used=2809Kb max_used=2809Kb free=117190Kb
 bounds [0x000001975a280000, 0x000001975a540000, 0x00000197617b0000]
CodeHeap 'non-nmethods': size=5760Kb used=1188Kb max_used=1213Kb free=4571Kb
 bounds [0x00000197617b0000, 0x0000019761a20000, 0x0000019761d50000]
 total_blobs=2070 nmethods=1583 adapters=400
 compilation: enabled
              stopped_count=0, restarted_count=0
 full_count=0

Compilation events (20 events):
Event: 0.947 Thread 0x0000019770a071b0 1536       3       java.util.regex.Matcher::find (35 bytes)
Event: 0.948 Thread 0x0000019770a071b0 nmethod 1536 0x000001975a528690 code [0x000001975a528880, 0x000001975a528c78]
Event: 0.948 Thread 0x0000019770a071b0 1537       3       java.util.ArrayList::isEmpty (13 bytes)
Event: 0.948 Thread 0x0000019770a071b0 nmethod 1537 0x000001975a528e10 code [0x000001975a528fa0, 0x000001975a529118]
Event: 0.948 Thread 0x0000019770a071b0 1538   !   3       org.apache.logging.log4j.util.SystemPropertiesPropertySource::getProperty (12 bytes)
Event: 0.948 Thread 0x0000019770a071b0 nmethod 1538 0x000001975a529190 code [0x000001975a529380, 0x000001975a5298c8]
Event: 0.950 Thread 0x0000019770a071b0 1539       3       java.lang.Integer::valueOf (32 bytes)
Event: 0.950 Thread 0x0000019770a071b0 nmethod 1539 0x000001975a529b10 code [0x000001975a529cc0, 0x000001975a529fd8]
Event: 0.950 Thread 0x0000019770a071b0 1540       1       java.lang.reflect.Constructor::getSharedParameterTypes (5 bytes)
Event: 0.950 Thread 0x0000019770a071b0 nmethod 1540 0x0000019761ddcd90 code [0x0000019761ddcf20, 0x0000019761ddcff8]
Event: 0.951 Thread 0x0000019770a071b0 1541       3       jdk.internal.loader.AbstractClassLoaderValue$Sub::equals (55 bytes)
Event: 0.951 Thread 0x0000019770a071b0 nmethod 1541 0x000001975a52a110 code [0x000001975a52a300, 0x000001975a52aa78]
Event: 0.951 Thread 0x0000019770a071b0 1542       3       jdk.internal.org.objectweb.asm.Frame::getAbstractTypeFromInternalName (9 bytes)
Event: 0.951 Thread 0x0000019770a071b0 nmethod 1542 0x000001975a52ac10 code [0x000001975a52ada0, 0x000001975a52aec8]
Event: 0.951 Thread 0x0000019770a071b0 1544       3       jdk.internal.org.objectweb.asm.Frame::getConcreteOutputType (111 bytes)
Event: 0.951 Thread 0x0000019770a071b0 nmethod 1544 0x000001975a52af90 code [0x000001975a52b140, 0x000001975a52b518]
Event: 0.951 Thread 0x0000019770a071b0 1543       3       jdk.internal.org.objectweb.asm.SymbolTable::addConstantString (8 bytes)
Event: 0.952 Thread 0x0000019770a071b0 nmethod 1543 0x000001975a52b690 code [0x000001975a52b820, 0x000001975a52b968]
Event: 0.952 Thread 0x0000019770a071b0 1545       3       jdk.internal.reflect.ReflectionFactory::inflationThreshold (4 bytes)
Event: 0.952 Thread 0x0000019770a071b0 nmethod 1545 0x000001975a52ba10 code [0x000001975a52bba0, 0x000001975a52bc98]

GC Heap History (2 events):
Event: 0.711 GC heap before
{Heap before GC invocations=0 (full 0):
 garbage-first heap   total 120832K, used 22528K [0x000000008a800000, 0x0000000100000000)
  region size 1024K, 23 young (23552K), 0 survivors (0K)
 Metaspace       used 7944K, committed 8192K, reserved 1114112K
  class space    used 915K, committed 1024K, reserved 1048576K
}
Event: 0.716 GC heap after
{Heap after GC invocations=1 (full 0):
 garbage-first heap   total 120832K, used 7008K [0x000000008a800000, 0x0000000100000000)
  region size 1024K, 3 young (3072K), 3 survivors (3072K)
 Metaspace       used 7944K, committed 8192K, reserved 1114112K
  class space    used 915K, committed 1024K, reserved 1048576K
}

Deoptimization events (20 events):
Event: 0.726 Thread 0x0000019775740030 DEOPT PACKING pc=0x0000019761daa760 sp=0x00000048114fc590
Event: 0.726 Thread 0x0000019775740030 DEOPT UNPACKING pc=0x00000197618023a3 sp=0x00000048114fc508 mode 2
Event: 0.726 Thread 0x0000019775740030 DEOPT PACKING pc=0x000001975a30f30c sp=0x00000048114fc660
Event: 0.726 Thread 0x0000019775740030 DEOPT UNPACKING pc=0x0000019761802b43 sp=0x00000048114fbb10 mode 0
Event: 0.754 Thread 0x0000019775740030 Uncommon trap: trap_request=0xffffffc6 fr.pc=0x0000019761daa760 relative=0x0000000000000420
Event: 0.754 Thread 0x0000019775740030 Uncommon trap: reason=bimorphic_or_optimized_type_check action=maybe_recompile pc=0x0000019761daa760 method=java.util.HashMap.getNode(Ljava/lang/Object;)Ljava/util/HashMap$Node; @ 128 c2
Event: 0.754 Thread 0x0000019775740030 DEOPT PACKING pc=0x0000019761daa760 sp=0x00000048114fc800
Event: 0.754 Thread 0x0000019775740030 DEOPT UNPACKING pc=0x00000197618023a3 sp=0x00000048114fc778 mode 2
Event: 0.859 Thread 0x0000019775740030 Uncommon trap: trap_request=0xffffffc6 fr.pc=0x0000019761daa760 relative=0x0000000000000420
Event: 0.859 Thread 0x0000019775740030 Uncommon trap: reason=bimorphic_or_optimized_type_check action=maybe_recompile pc=0x0000019761daa760 method=java.util.HashMap.getNode(Ljava/lang/Object;)Ljava/util/HashMap$Node; @ 128 c2
Event: 0.859 Thread 0x0000019775740030 DEOPT PACKING pc=0x0000019761daa760 sp=0x00000048114face0
Event: 0.859 Thread 0x0000019775740030 DEOPT UNPACKING pc=0x00000197618023a3 sp=0x00000048114fac58 mode 2
Event: 0.879 Thread 0x0000019775740030 Uncommon trap: trap_request=0xffffff54 fr.pc=0x0000019761dbd494 relative=0x0000000000000c94
Event: 0.879 Thread 0x0000019775740030 Uncommon trap: reason=speculate_null_assert action=make_not_entrant pc=0x0000019761dbd494 method=java.util.jar.JarFile.getVersionedEntry(Ljava/lang/String;Ljava/util/jar/JarEntry;)Ljava/util/jar/JarEntry; @ 115 c2
Event: 0.879 Thread 0x0000019775740030 DEOPT PACKING pc=0x0000019761dbd494 sp=0x00000048114fb5c0
Event: 0.879 Thread 0x0000019775740030 DEOPT UNPACKING pc=0x00000197618023a3 sp=0x00000048114fb470 mode 2
Event: 0.916 Thread 0x0000019775740030 Uncommon trap: trap_request=0xffffff45 fr.pc=0x0000019761d9c460 relative=0x0000000000000240
Event: 0.916 Thread 0x0000019775740030 Uncommon trap: reason=unstable_if action=reinterpret pc=0x0000019761d9c460 method=java.util.concurrent.ConcurrentHashMap.get(Ljava/lang/Object;)Ljava/lang/Object; @ 86 c2
Event: 0.916 Thread 0x0000019775740030 DEOPT PACKING pc=0x0000019761d9c460 sp=0x00000048114fbb20
Event: 0.916 Thread 0x0000019775740030 DEOPT UNPACKING pc=0x00000197618023a3 sp=0x00000048114fba98 mode 2

Classes unloaded (0 events):
No events

Classes redefined (0 events):
No events

Internal exceptions (20 events):
Event: 0.536 Thread 0x00000197529daa00 Exception <a 'java/lang/NoSuchMethodError'{0x0000000090c3ec48}: 'java.lang.Object java.lang.invoke.DirectMethodHandle$Holder.newInvokeSpecial(java.lang.Object, java.lang.Object, int, java.lang.Object, java.lang.Object)'> (0x0000000090c3ec48) 
thrown [s\open\src\hotspot\share\interpreter\linkResolver.cpp, line 759]
Event: 0.546 Thread 0x00000197529daa00 Exception <a 'java/lang/NoSuchMethodError'{0x0000000090c9f148}: 'java.lang.Object java.lang.invoke.DirectMethodHandle$Holder.newInvokeSpecial(java.lang.Object, int, java.lang.Object)'> (0x0000000090c9f148) 
thrown [s\open\src\hotspot\share\interpreter\linkResolver.cpp, line 759]
Event: 0.553 Thread 0x00000197529daa00 Exception <a 'java/lang/NoSuchMethodError'{0x0000000090cc3eb8}: 'java.lang.Object java.lang.invoke.DirectMethodHandle$Holder.invokeStatic(java.lang.Object, java.lang.Object, int, java.lang.Object, java.lang.Object)'> (0x0000000090cc3eb8) 
thrown [s\open\src\hotspot\share\interpreter\linkResolver.cpp, line 759]
Event: 0.554 Thread 0x00000197529daa00 Exception <a 'java/lang/NoSuchMethodError'{0x0000000090ccb840}: 'java.lang.Object java.lang.invoke.DirectMethodHandle$Holder.newInvokeSpecial(java.lang.Object, java.lang.Object, int, java.lang.Object)'> (0x0000000090ccb840) 
thrown [s\open\src\hotspot\share\interpreter\linkResolver.cpp, line 759]
Event: 0.554 Thread 0x00000197529daa00 Exception <a 'java/lang/NoSuchMethodError'{0x0000000090ccfc20}: 'java.lang.Object java.lang.invoke.DirectMethodHandle$Holder.invokeSpecial(java.lang.Object, java.lang.Object, java.lang.Object, int, java.lang.Object)'> (0x0000000090ccfc20) 
thrown [s\open\src\hotspot\share\interpreter\linkResolver.cpp, line 759]
Event: 0.554 Thread 0x00000197529daa00 Exception <a 'java/lang/NoSuchMethodError'{0x0000000090cd37e8}: 'java.lang.Object java.lang.invoke.Invokers$Holder.linkToTargetMethod(java.lang.Object, int, java.lang.Object, java.lang.Object)'> (0x0000000090cd37e8) 
thrown [s\open\src\hotspot\share\interpreter\linkResolver.cpp, line 759]
Event: 0.560 Thread 0x00000197529daa00 Exception <a 'java/lang/NoSuchMethodError'{0x0000000090cfcb38}: 'void java.lang.invoke.DirectMethodHandle$Holder.invokeStatic(java.lang.Object, java.lang.Object, java.lang.Object)'> (0x0000000090cfcb38) 
thrown [s\open\src\hotspot\share\interpreter\linkResolver.cpp, line 759]
Event: 0.637 Thread 0x0000019775740030 Exception <a 'java/lang/NoSuchMethodError'{0x0000000090a3e3f0}: 'void java.lang.invoke.DirectMethodHandle$Holder.invokeInterface(java.lang.Object, java.lang.Object)'> (0x0000000090a3e3f0) 
thrown [s\open\src\hotspot\share\interpreter\linkResolver.cpp, line 759]
Event: 0.637 Thread 0x000001977573fb50 Exception <a 'java/lang/NoSuchMethodError'{0x0000000090adfc58}: 'void java.lang.invoke.DirectMethodHandle$Holder.invokeInterface(java.lang.Object, java.lang.Object)'> (0x0000000090adfc58) 
thrown [s\open\src\hotspot\share\interpreter\linkResolver.cpp, line 759]
Event: 0.684 Thread 0x0000019775740030 Exception <a 'java/lang/NoSuchMethodError'{0x0000000090709fb8}: 'int java.lang.invoke.DirectMethodHandle$Holder.invokeStatic(java.lang.Object, java.lang.Object, int)'> (0x0000000090709fb8) 
thrown [s\open\src\hotspot\share\interpreter\linkResolver.cpp, line 759]
Event: 0.688 Thread 0x0000019775740030 Exception <a 'java/lang/NoSuchMethodError'{0x000000009072db08}: 'int java.lang.invoke.DirectMethodHandle$Holder.invokeStatic(java.lang.Object)'> (0x000000009072db08) 
thrown [s\open\src\hotspot\share\interpreter\linkResolver.cpp, line 759]
Event: 0.689 Thread 0x0000019775740030 Exception <a 'java/lang/NoSuchMethodError'{0x00000000907311b0}: 'int java.lang.invoke.DirectMethodHandle$Holder.invokeStaticInit(java.lang.Object)'> (0x00000000907311b0) 
thrown [s\open\src\hotspot\share\interpreter\linkResolver.cpp, line 759]
Event: 0.700 Thread 0x0000019775740030 Exception <a 'java/lang/NoSuchMethodError'{0x000000009079ed60}: 'java.lang.Object java.lang.invoke.DirectMethodHandle$Holder.invokeStatic(java.lang.Object, java.lang.Object, int)'> (0x000000009079ed60) 
thrown [s\open\src\hotspot\share\interpreter\linkResolver.cpp, line 759]
Event: 0.701 Thread 0x0000019775740030 Exception <a 'java/lang/NoSuchMethodError'{0x00000000907a9ad8}: 'void java.lang.invoke.DelegatingMethodHandle$Holder.delegate(java.lang.Object, java.lang.Object, int, java.lang.Object)'> (0x00000000907a9ad8) 
thrown [s\open\src\hotspot\share\interpreter\linkResolver.cpp, line 759]
Event: 0.709 Thread 0x0000019775740030 Exception <a 'java/lang/IncompatibleClassChangeError'{0x00000000907eed68}: Found class java.lang.Object, but interface was expected> (0x00000000907eed68) 
thrown [s\open\src\hotspot\share\interpreter\linkResolver.cpp, line 826]
Event: 0.711 Thread 0x0000019775740030 Exception <a 'java/lang/NoSuchMethodError'{0x00000000907f9418}: 'void java.lang.invoke.DirectMethodHandle$Holder.invokeSpecial(java.lang.Object, java.lang.Object, java.lang.Object)'> (0x00000000907f9418) 
thrown [s\open\src\hotspot\share\interpreter\linkResolver.cpp, line 759]
Event: 0.718 Thread 0x0000019775740030 Exception <a 'java/lang/NoSuchMethodError'{0x0000000091d0eb80}: 'java.lang.Object java.lang.invoke.DirectMethodHandle$Holder.newInvokeSpecial(java.lang.Object, java.lang.Object, java.lang.Object, int, java.lang.Object)'> (0x0000000091d0eb80) 
thrown [s\open\src\hotspot\share\interpreter\linkResolver.cpp, line 759]
Event: 0.719 Thread 0x0000019775740030 Exception <a 'java/lang/NoSuchMethodError'{0x0000000091d16550}: 'java.lang.Object java.lang.invoke.Invokers$Holder.linkToTargetMethod(java.lang.Object, java.lang.Object, int, java.lang.Object, java.lang.Object)'> (0x0000000091d16550) 
thrown [s\open\src\hotspot\share\interpreter\linkResolver.cpp, line 759]
Event: 0.843 Thread 0x0000019775740030 Exception <a 'java/lang/NoSuchMethodError'{0x0000000091594098}: 'java.lang.Object java.lang.invoke.DirectMethodHandle$Holder.newInvokeSpecial(java.lang.Object, long, int, java.lang.Object)'> (0x0000000091594098) 
thrown [s\open\src\hotspot\share\interpreter\linkResolver.cpp, line 759]
Event: 0.852 Thread 0x0000019775740030 Exception <a 'java/lang/NoSuchMethodError'{0x00000000915fa0a0}: 'void java.lang.invoke.DirectMethodHandle$Holder.invokeStaticInit(java.lang.Object, java.lang.Object, java.lang.Object, java.lang.Object)'> (0x00000000915fa0a0) 
thrown [s\open\src\hotspot\share\interpreter\linkResolver.cpp, line 759]

VM Operations (20 events):
Event: 0.214 Executing VM operation: HandshakeAllThreads
Event: 0.214 Executing VM operation: HandshakeAllThreads done
Event: 0.263 Executing VM operation: HandshakeAllThreads
Event: 0.263 Executing VM operation: HandshakeAllThreads done
Event: 0.280 Executing VM operation: HandshakeAllThreads
Event: 0.281 Executing VM operation: HandshakeAllThreads done
Event: 0.346 Executing VM operation: HandshakeAllThreads
Event: 0.347 Executing VM operation: HandshakeAllThreads done
Event: 0.651 Executing VM operation: HandshakeAllThreads
Event: 0.651 Executing VM operation: HandshakeAllThreads done
Event: 0.674 Executing VM operation: HandshakeAllThreads
Event: 0.674 Executing VM operation: HandshakeAllThreads done
Event: 0.700 Executing VM operation: HandshakeAllThreads
Event: 0.700 Executing VM operation: HandshakeAllThreads done
Event: 0.705 Executing VM operation: ICBufferFull
Event: 0.705 Executing VM operation: ICBufferFull done
Event: 0.711 Executing VM operation: G1CollectForAllocation
Event: 0.716 Executing VM operation: G1CollectForAllocation done
Event: 0.907 Executing VM operation: HandshakeAllThreads
Event: 0.907 Executing VM operation: HandshakeAllThreads done

Events (20 events):
Event: 0.881 loading class java/util/concurrent/atomic/AtomicReferenceFieldUpdater$AtomicReferenceFieldUpdaterImpl$1 done
Event: 0.882 loading class java/util/concurrent/ScheduledExecutorService
Event: 0.882 loading class java/util/concurrent/ScheduledExecutorService done
Event: 0.899 Thread 0x0000019776044820 Thread added: 0x0000019776044820
Event: 0.907 loading class sun/util/calendar/ZoneInfoFile$Checksum
Event: 0.907 loading class sun/util/calendar/ZoneInfoFile$Checksum done
Event: 0.909 loading class java/time/temporal/UnsupportedTemporalTypeException
Event: 0.909 loading class java/time/DateTimeException
Event: 0.909 loading class java/time/DateTimeException done
Event: 0.909 loading class java/time/temporal/UnsupportedTemporalTypeException done
Event: 0.937 loading class java/util/regex/Pattern$BnM
Event: 0.937 loading class java/util/regex/Pattern$BnM done
Event: 0.947 loading class java/util/concurrent/locks/AbstractQueuedSynchronizer$ExclusiveNode
Event: 0.947 loading class java/util/concurrent/locks/AbstractQueuedSynchronizer$Node
Event: 0.947 loading class java/util/concurrent/locks/AbstractQueuedSynchronizer$Node done
Event: 0.947 loading class java/util/concurrent/locks/AbstractQueuedSynchronizer$ExclusiveNode done
Event: 0.950 loading class java/security/NoSuchAlgorithmException
Event: 0.950 loading class java/security/GeneralSecurityException
Event: 0.950 loading class java/security/GeneralSecurityException done
Event: 0.950 loading class java/security/NoSuchAlgorithmException done


Dynamic libraries:
0x00007ff7787f0000 - 0x00007ff778800000 	C:\Program Files\Java\jdk-17\bin\javaw.exe
0x00007ffb754b0000 - 0x00007ffb756c6000 	C:\WINDOWS\SYSTEM32\ntdll.dll
0x00007ffb74a70000 - 0x00007ffb74b34000 	C:\WINDOWS\System32\KERNEL32.DLL
0x00007ffb72ae0000 - 0x00007ffb72e87000 	C:\WINDOWS\System32\KERNELBASE.dll
0x00007ffb72850000 - 0x00007ffb72961000 	C:\WINDOWS\System32\ucrtbase.dll
0x00007ffb69680000 - 0x00007ffb6969b000 	C:\Program Files\Java\jdk-17\bin\VCRUNTIME140.dll
0x00007ffb6a580000 - 0x00007ffb6a599000 	C:\Program Files\Java\jdk-17\bin\jli.dll
0x00007ffb753a0000 - 0x00007ffb75452000 	C:\WINDOWS\System32\ADVAPI32.dll
0x00007ffb75060000 - 0x00007ffb75107000 	C:\WINDOWS\System32\msvcrt.dll
0x00007ffb74dd0000 - 0x00007ffb74e78000 	C:\WINDOWS\System32\sechost.dll
0x00007ffb73080000 - 0x00007ffb730a8000 	C:\WINDOWS\System32\bcrypt.dll
0x00007ffb73750000 - 0x00007ffb73865000 	C:\WINDOWS\System32\RPCRT4.dll
0x00007ffb74ea0000 - 0x00007ffb7504e000 	C:\WINDOWS\System32\USER32.dll
0x00007ffb72e90000 - 0x00007ffb72eb6000 	C:\WINDOWS\System32\win32u.dll
0x00007ffb66b40000 - 0x00007ffb66dd3000 	C:\WINDOWS\WinSxS\amd64_microsoft.windows.common-controls_6595b64144ccf1df_6.0.22621.3235_none_270f74e173860f98\COMCTL32.dll
0x00007ffb75370000 - 0x00007ffb75399000 	C:\WINDOWS\System32\GDI32.dll
0x00007ffb72ec0000 - 0x00007ffb72fd9000 	C:\WINDOWS\System32\gdi32full.dll
0x00007ffb72fe0000 - 0x00007ffb7307a000 	C:\WINDOWS\System32\msvcp_win.dll
0x00007ffb68ee0000 - 0x00007ffb68eea000 	C:\WINDOWS\SYSTEM32\VERSION.dll
0x00007ffb731e0000 - 0x00007ffb73211000 	C:\WINDOWS\System32\IMM32.DLL
0x00007ffb6ebd0000 - 0x00007ffb6ebdc000 	C:\Program Files\Java\jdk-17\bin\vcruntime140_1.dll
0x00007ffb4a1c0000 - 0x00007ffb4a24e000 	C:\Program Files\Java\jdk-17\bin\msvcp140.dll
0x00007ffb30880000 - 0x00007ffb3145f000 	C:\Program Files\Java\jdk-17\bin\server\jvm.dll
0x00007ffb74d10000 - 0x00007ffb74d18000 	C:\WINDOWS\System32\PSAPI.DLL
0x00007ffb60f80000 - 0x00007ffb60f89000 	C:\WINDOWS\SYSTEM32\WSOCK32.dll
0x00007ffb6f720000 - 0x00007ffb6f754000 	C:\WINDOWS\SYSTEM32\WINMM.dll
0x00007ffb74580000 - 0x00007ffb745f1000 	C:\WINDOWS\System32\WS2_32.dll
0x00007ffb71810000 - 0x00007ffb71828000 	C:\WINDOWS\SYSTEM32\kernel.appcore.dll
0x00007ffb6ba40000 - 0x00007ffb6ba4a000 	C:\Program Files\Java\jdk-17\bin\jimage.dll
0x00007ffb701e0000 - 0x00007ffb70413000 	C:\WINDOWS\SYSTEM32\DBGHELP.DLL
0x00007ffb74600000 - 0x00007ffb74988000 	C:\WINDOWS\System32\combase.dll
0x00007ffb741d0000 - 0x00007ffb742a7000 	C:\WINDOWS\System32\OLEAUT32.dll
0x00007ffb6f6e0000 - 0x00007ffb6f712000 	C:\WINDOWS\SYSTEM32\dbgcore.DLL
0x00007ffb727d0000 - 0x00007ffb72849000 	C:\WINDOWS\System32\bcryptPrimitives.dll
0x00007ffb66030000 - 0x00007ffb66055000 	C:\Program Files\Java\jdk-17\bin\java.dll
0x00007ffb5c0a0000 - 0x00007ffb5c177000 	C:\Program Files\Java\jdk-17\bin\jsvml.dll
0x00007ffb73870000 - 0x00007ffb740cc000 	C:\WINDOWS\System32\SHELL32.dll
0x00007ffb70730000 - 0x00007ffb71029000 	C:\WINDOWS\SYSTEM32\windows.storage.dll
0x00007ffb705f0000 - 0x00007ffb7072e000 	C:\WINDOWS\SYSTEM32\wintypes.dll
0x00007ffb740d0000 - 0x00007ffb741c3000 	C:\WINDOWS\System32\SHCORE.dll
0x00007ffb73220000 - 0x00007ffb7327e000 	C:\WINDOWS\System32\shlwapi.dll
0x00007ffb72700000 - 0x00007ffb72721000 	C:\WINDOWS\SYSTEM32\profapi.dll
0x00007ffb67e70000 - 0x00007ffb67e89000 	C:\Program Files\Java\jdk-17\bin\net.dll
0x00007ffb6c480000 - 0x00007ffb6c5b6000 	C:\WINDOWS\SYSTEM32\WINHTTP.dll
0x00007ffb71c80000 - 0x00007ffb71ce9000 	C:\WINDOWS\system32\mswsock.dll
0x00007ffb67780000 - 0x00007ffb67796000 	C:\Program Files\Java\jdk-17\bin\nio.dll
0x00007ffb6b1d0000 - 0x00007ffb6b1e8000 	C:\Program Files\Java\jdk-17\bin\zip.dll
0x00007ffb71300000 - 0x00007ffb713f9000 	C:\WINDOWS\SYSTEM32\DNSAPI.dll
0x00007ffb71290000 - 0x00007ffb712bd000 	C:\WINDOWS\SYSTEM32\IPHLPAPI.DLL
0x00007ffb75050000 - 0x00007ffb75059000 	C:\WINDOWS\System32\NSI.dll
0x00007ffb6ab50000 - 0x00007ffb6ab5a000 	C:\Windows\System32\rasadhlp.dll
0x00007ffb6a770000 - 0x00007ffb6a7f3000 	C:\WINDOWS\System32\fwpuclnt.dll
0x00007ffb71ee0000 - 0x00007ffb71efb000 	C:\WINDOWS\SYSTEM32\CRYPTSP.dll
0x00007ffb71770000 - 0x00007ffb717a5000 	C:\WINDOWS\system32\rsaenh.dll
0x00007ffb71d80000 - 0x00007ffb71da8000 	C:\WINDOWS\SYSTEM32\USERENV.dll
0x00007ffb71f00000 - 0x00007ffb71f0c000 	C:\WINDOWS\SYSTEM32\CRYPTBASE.dll
0x00007ffb6b8c0000 - 0x00007ffb6b8d9000 	C:\WINDOWS\SYSTEM32\dhcpcsvc6.DLL
0x00007ffb6b850000 - 0x00007ffb6b86f000 	C:\WINDOWS\SYSTEM32\dhcpcsvc.DLL
0x00007ffb657c0000 - 0x00007ffb657ca000 	C:\Program Files\Java\jdk-17\bin\management.dll
0x00007ffb65760000 - 0x00007ffb6576b000 	C:\Program Files\Java\jdk-17\bin\management_ext.dll

dbghelp: loaded successfully - version: 4.0.5 - missing functions: none
symbol engine: initialized successfully - sym options: 0x614 - pdb path: .;C:\Program Files\Java\jdk-17\bin;C:\WINDOWS\SYSTEM32;C:\WINDOWS\WinSxS\amd64_microsoft.windows.common-controls_6595b64144ccf1df_6.0.22621.3235_none_270f74e173860f98;C:\Program Files\Java\jdk-17\bin\server

VM Arguments:
jvm_args: -ea -Dfile.encoding=UTF-8 -Dstdout.encoding=UTF-8 -Dstderr.encoding=UTF-8 -XX:+ShowCodeDetailsInExceptionMessages 
java_command: org.testng.remote.RemoteTestNG -serport 63976 -protocol json -d C:\Users\sampa\eclipse-workspace\OpencartV121\test-output C:\Users\sampa\eclipse-workspace\OpencartV121\parallel.xml
java_class_path (initial): C:\Users\sampa\eclipse\java-2023-12\eclipse\configuration\org.eclipse.osgi\520\0\.cp\lib\testng-remote.jar;C:\Users\sampa\eclipse-workspace\OpencartV121\target\test-classes;C:\Users\sampa\eclipse-workspace\OpencartV121\target\classes;C:\Users\sampa\.p2\pool\plugins\org.testng_7.4.0.r202105021533.jar;C:\Users\sampa\.p2\pool\plugins\com.beust.jcommander_1.78.0.jar;C:\Users\sampa\.p2\pool\plugins\org.apache-extras.beanshell.bsh_2.0.0.b6.jar;C:\Users\sampa\.p2\pool\plugins\org.yaml.snakeyaml_1.21.0.jar;C:\Users\sampa\.p2\pool\plugins\org.webjars.jquery_3.5.1.jar;C:\Users\sampa\.m2\repository\org\seleniumhq\selenium\selenium-java\4.20.0\selenium-java-4.20.0.jar;C:\Users\sampa\.m2\repository\org\seleniumhq\selenium\selenium-api\4.20.0\selenium-api-4.20.0.jar;C:\Users\sampa\.m2\repository\org\seleniumhq\selenium\selenium-chrome-driver\4.20.0\selenium-chrome-driver-4.20.0.jar;C:\Users\sampa\.m2\repository\com\google\auto\service\auto-service-annotations\1.1.1\auto-service-annotations-1.1.1.jar;C:\Users\sampa\.m2\repository\org\seleniumhq\selenium\selenium-chromium-driver\4.20.0\selenium-chromium-driver-4.20.0.jar;C:\Users\sampa\.m2\repository\org\seleniumhq\selenium\selenium-json\4.20.0\selenium-json-4.20.0.jar;C:\Users\sampa\.m2\repository\org\seleniumhq\selenium\selenium-manager\4.20.0\selenium-manager-4.20.0.jar;C:\Users\sampa\.m2\repository\org\seleniumhq\selenium\selenium-devtools-v122\4.20.0\selenium-devtools-v122-4.20.0.jar;C:\Users\sampa\.m2\repository\org\seleniumhq\selenium\selenium-devtools-v123\4.20.0\selenium-devtools-v123-4.20.0.jar;C:\Users\sampa\.m2\repository\org\seleniumhq\selenium\selenium-devtools-v124\4.20.0\selenium-devtools-v124-4.20.0.jar;C:\Users\sampa\.m2\repository\org\seleniumhq\selenium\selenium-devtools-v85\4.20.0\selenium-devtools-v85-4.20.0.jar;C:\Users\sampa\.m2\repository\org\seleniumhq\selenium\selenium-edge-driver\4.20.0\selenium-edge-driver-4.20.0.jar;C:\Users\sampa\.m2\repository\org\seleniumhq\selenium\sele
Launcher Type: SUN_STANDARD

[Global flags]
     intx CICompilerCount                          = 4                                         {product} {ergonomic}
     uint ConcGCThreads                            = 3                                         {product} {ergonomic}
     uint G1ConcRefinementThreads                  = 10                                        {product} {ergonomic}
   size_t G1HeapRegionSize                         = 1048576                                   {product} {ergonomic}
    uintx GCDrainStackTargetSize                   = 64                                        {product} {ergonomic}
   size_t InitialHeapSize                          = 123731968                                 {product} {ergonomic}
   size_t MarkStackSize                            = 4194304                                   {product} {ergonomic}
   size_t MaxHeapSize                              = 1971322880                                {product} {ergonomic}
   size_t MaxNewSize                               = 1182793728                                {product} {ergonomic}
   size_t MinHeapDeltaBytes                        = 1048576                                   {product} {ergonomic}
   size_t MinHeapSize                              = 8388608                                   {product} {ergonomic}
    uintx NonNMethodCodeHeapSize                   = 5839372                                {pd product} {ergonomic}
    uintx NonProfiledCodeHeapSize                  = 122909434                              {pd product} {ergonomic}
    uintx ProfiledCodeHeapSize                     = 122909434                              {pd product} {ergonomic}
    uintx ReservedCodeCacheSize                    = 251658240                              {pd product} {ergonomic}
     bool SegmentedCodeCache                       = true                                      {product} {ergonomic}
     bool ShowCodeDetailsInExceptionMessages       = true                                   {manageable} {command line}
   size_t SoftMaxHeapSize                          = 1971322880                             {manageable} {ergonomic}
     bool UseCompressedClassPointers               = true                           {product lp64_product} {ergonomic}
     bool UseCompressedOops                        = true                           {product lp64_product} {ergonomic}
     bool UseG1GC                                  = true                                      {product} {ergonomic}
     bool UseLargePagesIndividualAllocation        = false                                  {pd product} {ergonomic}

Logging:
Log output configuration:
 #0: stdout all=warning uptime,level,tags
 #1: stderr all=off uptime,level,tags

Environment Variables:
PATH=C:/Program Files/Java/jdk-17/bin/server;C:/Program Files/Java/jdk-17/bin;C:\Program Files\Common Files\Oracle\Java\javapath;C:\Windows\system32;C:\Windows;C:\Windows\System32\Wbem;C:\Windows\System32\WindowsPowerShell\v1.0\;C:\Windows\System32\OpenSSH\;C:\Program Files\Microsoft SQL Server\Client SDK\ODBC\170\Tools\Binn\;C:\Program Files (x86)\Microsoft SQL Server\150\Tools\Binn\;C:\Program Files\Microsoft SQL Server\150\Tools\Binn\;C:\Program Files\Microsoft SQL Server\150\DTS\Binn\;C:\WINDOWS\system32;C:\WINDOWS;C:\WINDOWS\System32\Wbem;C:\WINDOWS\System32\WindowsPowerShell\v1.0\;C:\WINDOWS\System32\OpenSSH\;C:\Users\sampa\AppData\Local\Microsoft\WindowsApps;;C:\Program Files\Azure Data Studio\bin;C:\WINDOWS\system32;
USERNAME=sampa
OS=Windows_NT
PROCESSOR_IDENTIFIER=AMD64 Family 23 Model 104 Stepping 1, AuthenticAMD



---------------  S Y S T E M  ---------------

OS:
 Windows 11 , 64 bit Build 22621 (10.0.22621.3374)
OS uptime: 26 days 23:06 hours

CPU: total 12 (initial active 12) (12 cores per cpu, 2 threads per core) family 23 model 104 stepping 1 microcode 0x0, cx8, cmov, fxsr, ht, mmx, 3dnowpref, sse, sse2, sse3, ssse3, sse4a, sse4.1, sse4.2, popcnt, lzcnt, tsc, tscinvbit, avx, avx2, aes, clmul, bmi1, bmi2, adx, sha, fma, vzeroupper, clflush, clflushopt

Memory: 4k page, system-wide physical 7514M (598M free)
TotalPageFile size 19560M (AvailPageFile size 5M)
current process WorkingSet (physical memory assigned to process): 103M, peak: 103M
current process commit charge ("private bytes"): 239M, peak: 240M

vm_info: Java HotSpot(TM) 64-Bit Server VM (17.0.10+11-LTS-240) for windows-amd64 JRE (17.0.10+11-LTS-240), built on Dec 19 2023 21:47:25 by "mach5one" with MS VC++ 17.1 (VS2022)

END.
